[debug] [2022-10-31T02:18:33.796Z] ----------------------------------------------------------------------
[debug] [2022-10-31T02:18:33.801Z] Command:       C:\Program Files\nodejs\node.exe C:\Users\gaben\AppData\Roaming\npm\node_modules\firebase-tools\lib\bin\firebase.js init
[debug] [2022-10-31T02:18:33.802Z] CLI Version:   11.15.0
[debug] [2022-10-31T02:18:33.802Z] Platform:      win32
[debug] [2022-10-31T02:18:33.802Z] Node Version:  v14.18.0
[debug] [2022-10-31T02:18:33.804Z] Time:          Sun Oct 30 2022 22:18:33 GMT-0400 (Eastern Daylight Time)
[debug] [2022-10-31T02:18:33.804Z] ----------------------------------------------------------------------
[debug] 
[debug] [2022-10-31T02:18:33.821Z] > command requires scopes: ["email","openid","https://www.googleapis.com/auth/cloudplatformprojects.readonly","https://www.googleapis.com/auth/firebase","https://www.googleapis.com/auth/cloud-platform"]
[debug] [2022-10-31T02:18:33.821Z] > authorizing via signed-in user (gabe.n.aloi@gmail.com)
[info] 
     ######## #### ########  ######## ########     ###     ######  ########
     ##        ##  ##     ## ##       ##     ##  ##   ##  ##       ##
     ######    ##  ########  ######   ########  #########  ######  ######
     ##        ##  ##    ##  ##       ##     ## ##     ##       ## ##
     ##       #### ##     ## ######## ########  ##     ##  ######  ########

You're about to initialize a Firebase project in this directory:

  C:\Users\gaben\OneDrive\Documents\PersonalWebsiteFiles\Personal-Website\aloi-website

[info] 
=== Project Setup
[info] 
[info] First, let's associate this project directory with a Firebase project.
[info] You can create multiple project aliases by running firebase use --add, 
[info] but for now we'll just set up a default project.
[info] 
[debug] [2022-10-31T02:18:47.387Z] > refreshing access token with scopes: []
[debug] [2022-10-31T02:18:47.394Z] >>> [apiv2][query] POST https://www.googleapis.com/oauth2/v3/token [none]
[debug] [2022-10-31T02:18:47.395Z] >>> [apiv2][body] POST https://www.googleapis.com/oauth2/v3/token [omitted]
[debug] [2022-10-31T02:18:47.915Z] <<< [apiv2][status] POST https://www.googleapis.com/oauth2/v3/token 200
[debug] [2022-10-31T02:18:47.915Z] <<< [apiv2][body] POST https://www.googleapis.com/oauth2/v3/token [omitted]
[debug] [2022-10-31T02:18:47.937Z] >>> [apiv2][query] GET https://firebase.googleapis.com/v1beta1/projects pageSize=100
[debug] [2022-10-31T02:18:48.224Z] <<< [apiv2][status] GET https://firebase.googleapis.com/v1beta1/projects 200
[debug] [2022-10-31T02:18:48.225Z] <<< [apiv2][body] GET https://firebase.googleapis.com/v1beta1/projects [omitted]
[info] i  Using project personal-webpage-9f5ab (Personal Webpage) 
[info] 
=== Hosting Setup
[info] 
[info] Your public directory is the folder (relative to your project directory) that
[info] will contain Hosting assets to be uploaded with firebase deploy. If you
[info] have a build process for your assets, use your build's output directory.
[info] 
